Restore Archived Project report for lab8
Thu Nov 16 17:19:03 2017
Quartus II 64-Bit Version 15.0.0 Build 145 04/22/2015 SJ Web Edition


---------------------
; Table of Contents ;
---------------------
  1. Legal Notice
  2. Restore Archived Project Summary
  3. Restore Archived Project Messages
  4. Files Restored
  5. Files Not Restored



----------------
; Legal Notice ;
----------------
Copyright (C) 1991-2015 Altera Corporation. All rights reserved.
Your use of Altera Corporation's design tools, logic functions 
and other software and tools, and its AMPP partner logic 
functions, and any output files from any of the foregoing 
(including device programming or simulation files), and any 
associated documentation or information are expressly subject 
to the terms and conditions of the Altera Program License 
Subscription Agreement, the Altera Quartus II License Agreement,
the Altera MegaCore Function License Agreement, or other 
applicable license agreement, including, without limitation, 
that your use is for the sole purpose of programming logic 
devices manufactured by Altera and sold by Altera or its 
authorized distributors.  Please refer to the applicable 
agreement for further details.



+-------------------------------------------------------------------------+
; Restore Archived Project Summary                                        ;
+---------------------------------+---------------------------------------+
; Restore Archived Project Status ; Successful - Thu Nov 16 17:19:03 2017 ;
; Revision Name                   ; lab8                                  ;
; Top-level Entity Name           ; lab8                                  ;
; Family                          ; Cyclone IV E                          ;
+---------------------------------+---------------------------------------+


+-----------------------------------+
; Restore Archived Project Messages ;
+-----------------------------------+
Info: Successfully restored 'C:/Users/kesun5/Downloads/Lab8_provided-20171116T224654Z-001/Lab8_provided/lab8_tmp_archive.qar' into the 'C:/Users/kesun5/Downloads/final' directory
Info: Generated report 'lab8.restore.rpt'


+----------------------------------------------------------------------------------------------------------------------------------------------------------------+
; Files Restored                                                                                                                                                 ;
+----------------------------------------------------------------------------------------------------------------------------------------------------------------+
; File Name                                                                                                                                                      ;
+----------------------------------------------------------------------------------------------------------------------------------------------------------------+
; qar_info.json                                                                                                                                                  ;
; Desktop/FINAL/Color_Mapper.sv                                                                                                                                  ;
; Desktop/FINAL/ball.sv                                                                                                                                          ;
; Desktop/FINAL/lab8.sv                                                                                                                                          ;
; Desktop/FINAL/random_ball.sv                                                                                                                                   ;
; Desktop/FINAL/randomx.sv                                                                                                                                       ;
; Desktop/FINAL/randomy.sv                                                                                                                                       ;
; Downloads/Lab8_provided-20171116T224654Z-001/Lab8_provided/Color_Mapper.sv                                                                                     ;
; Downloads/Lab8_provided-20171116T224654Z-001/Lab8_provided/HexDriver.sv                                                                                        ;
; Downloads/Lab8_provided-20171116T224654Z-001/Lab8_provided/PLLJ_PLLSPE_INFO.txt                                                                                ;
; Downloads/Lab8_provided-20171116T224654Z-001/Lab8_provided/VGA_controller.sv                                                                                   ;
; Downloads/Lab8_provided-20171116T224654Z-001/Lab8_provided/__lab7_usb.auto.qarlog                                                                              ;
; Downloads/Lab8_provided-20171116T224654Z-001/Lab8_provided/asrt.stp                                                                                            ;
; Downloads/Lab8_provided-20171116T224654Z-001/Lab8_provided/ball.sv                                                                                             ;
; Downloads/Lab8_provided-20171116T224654Z-001/Lab8_provided/db/asrt_auto_stripped.stp                                                                           ;
; Downloads/Lab8_provided-20171116T224654Z-001/Lab8_provided/hpi_io_intf.sv                                                                                      ;
; Downloads/Lab8_provided-20171116T224654Z-001/Lab8_provided/lab7_usb.qsf                                                                                        ;
; Downloads/Lab8_provided-20171116T224654Z-001/Lab8_provided/lab8.qpf                                                                                            ;
; Downloads/Lab8_provided-20171116T224654Z-001/Lab8_provided/lab8.qsf                                                                                            ;
; Downloads/Lab8_provided-20171116T224654Z-001/Lab8_provided/lab8.sv                                                                                             ;
; Downloads/Lab8_provided-20171116T224654Z-001/Lab8_provided/lab8_assignment_defaults.qdf                                                                        ;
; Downloads/Lab8_provided-20171116T224654Z-001/Lab8_provided/lab8_tmp_archive.qarlog                                                                             ;
; Downloads/Lab8_provided-20171116T224654Z-001/Lab8_provided/nios_system.qsys                                                                                    ;
; Downloads/Lab8_provided-20171116T224654Z-001/Lab8_provided/nios_system.sopcinfo                                                                                ;
; Downloads/Lab8_provided-20171116T224654Z-001/Lab8_provided/nios_system/nios_system.cmp                                                                         ;
; Downloads/Lab8_provided-20171116T224654Z-001/Lab8_provided/nios_system/synthesis/nios_system.debuginfo                                                         ;
; Downloads/Lab8_provided-20171116T224654Z-001/Lab8_provided/nios_system/synthesis/nios_system.qip                                                               ;
; Downloads/Lab8_provided-20171116T224654Z-001/Lab8_provided/nios_system/synthesis/nios_system.regmap                                                            ;
; Downloads/Lab8_provided-20171116T224654Z-001/Lab8_provided/nios_system/synthesis/nios_system.v                                                                 ;
; Downloads/Lab8_provided-20171116T224654Z-001/Lab8_provided/nios_system/synthesis/submodules/altera_avalon_sc_fifo.v                                            ;
; Downloads/Lab8_provided-20171116T224654Z-001/Lab8_provided/nios_system/synthesis/submodules/altera_avalon_st_clock_crosser.v                                   ;
; Downloads/Lab8_provided-20171116T224654Z-001/Lab8_provided/nios_system/synthesis/submodules/altera_avalon_st_handshake_clock_crosser.v                         ;
; Downloads/Lab8_provided-20171116T224654Z-001/Lab8_provided/nios_system/synthesis/submodules/altera_avalon_st_pipeline_base.v                                   ;
; Downloads/Lab8_provided-20171116T224654Z-001/Lab8_provided/nios_system/synthesis/submodules/altera_merlin_arbitrator.sv                                        ;
; Downloads/Lab8_provided-20171116T224654Z-001/Lab8_provided/nios_system/synthesis/submodules/altera_merlin_burst_uncompressor.sv                                ;
; Downloads/Lab8_provided-20171116T224654Z-001/Lab8_provided/nios_system/synthesis/submodules/altera_merlin_master_agent.sv                                      ;
; Downloads/Lab8_provided-20171116T224654Z-001/Lab8_provided/nios_system/synthesis/submodules/altera_merlin_master_translator.sv                                 ;
; Downloads/Lab8_provided-20171116T224654Z-001/Lab8_provided/nios_system/synthesis/submodules/altera_merlin_slave_agent.sv                                       ;
; Downloads/Lab8_provided-20171116T224654Z-001/Lab8_provided/nios_system/synthesis/submodules/altera_merlin_slave_translator.sv                                  ;
; Downloads/Lab8_provided-20171116T224654Z-001/Lab8_provided/nios_system/synthesis/submodules/altera_reset_controller.sdc                                        ;
; Downloads/Lab8_provided-20171116T224654Z-001/Lab8_provided/nios_system/synthesis/submodules/altera_reset_controller.v                                          ;
; Downloads/Lab8_provided-20171116T224654Z-001/Lab8_provided/nios_system/synthesis/submodules/altera_reset_synchronizer.v                                        ;
; Downloads/Lab8_provided-20171116T224654Z-001/Lab8_provided/nios_system/synthesis/submodules/nios_system_Keycode.v                                              ;
; Downloads/Lab8_provided-20171116T224654Z-001/Lab8_provided/nios_system/synthesis/submodules/nios_system_irq_mapper.sv                                          ;
; Downloads/Lab8_provided-20171116T224654Z-001/Lab8_provided/nios_system/synthesis/submodules/nios_system_jtag_uart_0.v                                          ;
; Downloads/Lab8_provided-20171116T224654Z-001/Lab8_provided/nios_system/synthesis/submodules/nios_system_mm_interconnect_0.v                                    ;
; Downloads/Lab8_provided-20171116T224654Z-001/Lab8_provided/nios_system/synthesis/submodules/nios_system_mm_interconnect_0_avalon_st_adapter.v                  ;
; Downloads/Lab8_provided-20171116T224654Z-001/Lab8_provided/nios_system/synthesis/submodules/nios_system_mm_interconnect_0_avalon_st_adapter_error_adapter_0.sv ;
; Downloads/Lab8_provided-20171116T224654Z-001/Lab8_provided/nios_system/synthesis/submodules/nios_system_mm_interconnect_0_cmd_demux.sv                         ;
; Downloads/Lab8_provided-20171116T224654Z-001/Lab8_provided/nios_system/synthesis/submodules/nios_system_mm_interconnect_0_cmd_demux_001.sv                     ;
; Downloads/Lab8_provided-20171116T224654Z-001/Lab8_provided/nios_system/synthesis/submodules/nios_system_mm_interconnect_0_cmd_mux.sv                           ;
; Downloads/Lab8_provided-20171116T224654Z-001/Lab8_provided/nios_system/synthesis/submodules/nios_system_mm_interconnect_0_cmd_mux_001.sv                       ;
; Downloads/Lab8_provided-20171116T224654Z-001/Lab8_provided/nios_system/synthesis/submodules/nios_system_mm_interconnect_0_router.sv                            ;
; Downloads/Lab8_provided-20171116T224654Z-001/Lab8_provided/nios_system/synthesis/submodules/nios_system_mm_interconnect_0_router_001.sv                        ;
; Downloads/Lab8_provided-20171116T224654Z-001/Lab8_provided/nios_system/synthesis/submodules/nios_system_mm_interconnect_0_router_002.sv                        ;
; Downloads/Lab8_provided-20171116T224654Z-001/Lab8_provided/nios_system/synthesis/submodules/nios_system_mm_interconnect_0_router_003.sv                        ;
; Downloads/Lab8_provided-20171116T224654Z-001/Lab8_provided/nios_system/synthesis/submodules/nios_system_mm_interconnect_0_rsp_demux.sv                         ;
; Downloads/Lab8_provided-20171116T224654Z-001/Lab8_provided/nios_system/synthesis/submodules/nios_system_mm_interconnect_0_rsp_demux_001.sv                     ;
; Downloads/Lab8_provided-20171116T224654Z-001/Lab8_provided/nios_system/synthesis/submodules/nios_system_mm_interconnect_0_rsp_mux.sv                           ;
; Downloads/Lab8_provided-20171116T224654Z-001/Lab8_provided/nios_system/synthesis/submodules/nios_system_mm_interconnect_0_rsp_mux_001.sv                       ;
; Downloads/Lab8_provided-20171116T224654Z-001/Lab8_provided/nios_system/synthesis/submodules/nios_system_nios2_qsys_0.sdc                                       ;
; Downloads/Lab8_provided-20171116T224654Z-001/Lab8_provided/nios_system/synthesis/submodules/nios_system_nios2_qsys_0.v                                         ;
; Downloads/Lab8_provided-20171116T224654Z-001/Lab8_provided/nios_system/synthesis/submodules/nios_system_nios2_qsys_0_jtag_debug_module_sysclk.v                ;
; Downloads/Lab8_provided-20171116T224654Z-001/Lab8_provided/nios_system/synthesis/submodules/nios_system_nios2_qsys_0_jtag_debug_module_tck.v                   ;
; Downloads/Lab8_provided-20171116T224654Z-001/Lab8_provided/nios_system/synthesis/submodules/nios_system_nios2_qsys_0_jtag_debug_module_wrapper.v               ;
; Downloads/Lab8_provided-20171116T224654Z-001/Lab8_provided/nios_system/synthesis/submodules/nios_system_nios2_qsys_0_oci_test_bench.v                          ;
; Downloads/Lab8_provided-20171116T224654Z-001/Lab8_provided/nios_system/synthesis/submodules/nios_system_nios2_qsys_0_ociram_default_contents.mif               ;
; Downloads/Lab8_provided-20171116T224654Z-001/Lab8_provided/nios_system/synthesis/submodules/nios_system_nios2_qsys_0_rf_ram_a.mif                              ;
; Downloads/Lab8_provided-20171116T224654Z-001/Lab8_provided/nios_system/synthesis/submodules/nios_system_nios2_qsys_0_rf_ram_b.mif                              ;
; Downloads/Lab8_provided-20171116T224654Z-001/Lab8_provided/nios_system/synthesis/submodules/nios_system_nios2_qsys_0_test_bench.v                              ;
; Downloads/Lab8_provided-20171116T224654Z-001/Lab8_provided/nios_system/synthesis/submodules/nios_system_onchip_memory2_0.hex                                   ;
; Downloads/Lab8_provided-20171116T224654Z-001/Lab8_provided/nios_system/synthesis/submodules/nios_system_onchip_memory2_0.v                                     ;
; Downloads/Lab8_provided-20171116T224654Z-001/Lab8_provided/nios_system/synthesis/submodules/nios_system_otg_hpi_address.v                                      ;
; Downloads/Lab8_provided-20171116T224654Z-001/Lab8_provided/nios_system/synthesis/submodules/nios_system_otg_hpi_cs.v                                           ;
; Downloads/Lab8_provided-20171116T224654Z-001/Lab8_provided/nios_system/synthesis/submodules/nios_system_otg_hpi_data.v                                         ;
; Downloads/Lab8_provided-20171116T224654Z-001/Lab8_provided/nios_system/synthesis/submodules/nios_system_sdram.v                                                ;
; Downloads/Lab8_provided-20171116T224654Z-001/Lab8_provided/nios_system/synthesis/submodules/nios_system_sdram_pll.v                                            ;
; Downloads/Lab8_provided-20171116T224654Z-001/Lab8_provided/nios_system/synthesis/submodules/nios_system_sdram_test_component.v                                 ;
; Downloads/Lab8_provided-20171116T224654Z-001/Lab8_provided/nios_system/synthesis/submodules/nios_system_sysid_qsys_0.v                                         ;
; Downloads/Lab8_provided-20171116T224654Z-001/Lab8_provided/signaltabb.stp                                                                                      ;
; Downloads/Lab8_provided-20171116T224654Z-001/Lab8_provided/vga_clk/synthesis/submodules/altera_reset_controller.sdc                                            ;
; Downloads/Lab8_provided-20171116T224654Z-001/Lab8_provided/vga_clk/synthesis/submodules/altera_reset_controller.v                                              ;
; Downloads/Lab8_provided-20171116T224654Z-001/Lab8_provided/vga_clk/synthesis/submodules/altera_reset_synchronizer.v                                            ;
; Downloads/Lab8_provided-20171116T224654Z-001/Lab8_provided/vga_clk/synthesis/submodules/vga_clk_altpll_0.v                                                     ;
; Downloads/Lab8_provided-20171116T224654Z-001/Lab8_provided/vga_clk/synthesis/vga_clk.qip                                                                       ;
; Downloads/Lab8_provided-20171116T224654Z-001/Lab8_provided/vga_clk/synthesis/vga_clk.v                                                                         ;
; Downloads/Lab8_provided-20171116T224654Z-001/Lab8_provided/vga_clk/vga_clk.cmp                                                                                 ;
; Downloads/Lab8_provided-20171116T224654Z-001/Lab8_provided/assignment_defaults.qdf                                                                             ;
+----------------------------------------------------------------------------------------------------------------------------------------------------------------+


+--------------------+
; Files Not Restored ;
+--------------------+
; File Name          ;
+--------------------+


